<?xml version="1.0" encoding="UTF-8"?>
<!-- Generated by org.testng.reporters.JUnitReportReporter -->
<testsuite hostname="DESKTOP-MFC4NGA" failures="0" tests="1" name="login_Suite.TC02_Logout" time="0.788" errors="0" timestamp="2023-11-06T22:19:38 VET" skipped="0">
  <testcase classname="login_Suite.TC02_Logout" name="TC_02" time="0.788"/>
</testsuite> <!-- login_Suite.TC02_Logout -->
