<?xml version="1.0" encoding="UTF-8"?>
<!-- Generated by org.testng.reporters.JUnitReportReporter -->
<testsuite hostname="DESKTOP-MFC4NGA" failures="0" tests="1" name="login_Suite.TC01_Login" time="0.555" errors="0" timestamp="2023-11-06T21:46:50 VET" skipped="0">
  <testcase classname="login_Suite.TC01_Login" name="TC_01" time="0.555"/>
</testsuite> <!-- login_Suite.TC01_Login -->
